# JRE version: OpenJDK Runtime Environment (11.0.12+7) (build 11.0.12+7-b1504.28-7817840)
# Java VM: OpenJDK 64-Bit Server VM (11.0.12+7-b1504.28-7817840, mixed mode, tiered, compressed oops, g1 gc, windows-amd64)
Heap:
 garbage-first heap   total 229376K, used 130397K [0x0000000080000000, 0x0000000100000000)
  region size 1024K, 70 young (71680K), 6 survivors (6144K)
 Metaspace       used 51815K, capacity 53355K, committed 53504K, reserved 1095680K
  class space    used 6638K, capacity 7138K, committed 7168K, reserved 1048576K
GC Heap History (20 events):
Event: 9.819 GC heap before
{Heap before GC invocations=10 (full 0):
 garbage-first heap   total 229376K, used 173814K [0x0000000080000000, 0x0000000100000000)
  region size 1024K, 115 young (117760K), 9 survivors (9216K)
 Metaspace       used 51755K, capacity 53355K, committed 53504K, reserved 1095680K
  class space    used 6630K, capacity 7138K, committed 7168K, reserved 1048576K
}
Event: 9.825 GC heap after
{Heap after GC invocations=11 (full 0):
 garbage-first heap   total 229376K, used 66262K [0x0000000080000000, 0x0000000100000000)
  region size 1024K, 4 young (4096K), 4 survivors (4096K)
 Metaspace       used 51755K, capacity 53355K, committed 53504K, reserved 1095680K
  class space    used 6630K, capacity 7138K, committed 7168K, reserved 1048576K
}
Event: 10.126 GC heap before
{Heap before GC invocations=11 (full 0):
 garbage-first heap   total 229376K, used 178902K [0x0000000080000000, 0x0000000100000000)
  region size 1024K, 114 young (116736K), 4 survivors (4096K)
 Metaspace       used 51755K, capacity 53355K, committed 53504K, reserved 1095680K
  class space    used 6630K, capacity 7138K, committed 7168K, reserved 1048576K
}
Event: 10.130 GC heap after
{Heap after GC invocations=12 (full 0):
 garbage-first heap   total 229376K, used 66488K [0x0000000080000000, 0x0000000100000000)
  region size 1024K, 4 young (4096K), 4 survivors (4096K)
 Metaspace       used 51755K, capacity 53355K, committed 53504K, reserved 1095680K
  class space    used 6630K, capacity 7138K, committed 7168K, reserved 1048576K
}
Event: 10.353 GC heap before
{Heap before GC invocations=12 (full 0):
 garbage-first heap   total 229376K, used 182200K [0x0000000080000000, 0x0000000100000000)
  region size 1024K, 117 young (119808K), 4 survivors (4096K)
 Metaspace       used 51756K, capacity 53355K, committed 53504K, reserved 1095680K
  class space    used 6630K, capacity 7138K, committed 7168K, reserved 1048576K
}
Event: 10.356 GC heap after
{Heap after GC invocations=13 (full 0):
 garbage-first heap   total 229376K, used 67003K [0x0000000080000000, 0x0000000100000000)
  region size 1024K, 5 young (5120K), 5 survivors (5120K)
 Metaspace       used 51756K, capacity 53355K, committed 53504K, reserved 1095680K
  class space    used 6630K, capacity 7138K, committed 7168K, reserved 1048576K
}
Event: 10.608 GC heap before
{Heap before GC invocations=13 (full 0):
 garbage-first heap   total 229376K, used 182715K [0x0000000080000000, 0x0000000100000000)
  region size 1024K, 119 young (121856K), 5 survivors (5120K)
 Metaspace       used 51758K, capacity 53355K, committed 53504K, reserved 1095680K
  class space    used 6630K, capacity 7138K, committed 7168K, reserved 1048576K
}
Event: 10.614 GC heap after
{Heap after GC invocations=14 (full 0):
 garbage-first heap   total 229376K, used 67854K [0x0000000080000000, 0x0000000100000000)
  region size 1024K, 6 young (6144K), 6 survivors (6144K)
 Metaspace       used 51758K, capacity 53355K, committed 53504K, reserved 1095680K
  class space    used 6630K, capacity 7138K, committed 7168K, reserved 1048576K
}
Event: 10.897 GC heap before
{Heap before GC invocations=14 (full 0):
 garbage-first heap   total 229376K, used 187662K [0x0000000080000000, 0x0000000100000000)
  region size 1024K, 123 young (125952K), 6 survivors (6144K)
 Metaspace       used 51758K, capacity 53355K, committed 53504K, reserved 1095680K
  class space    used 6630K, capacity 7138K, committed 7168K, reserved 1048576K
}
Event: 10.902 GC heap after
{Heap after GC invocations=15 (full 0):
 garbage-first heap   total 229376K, used 68507K [0x0000000080000000, 0x0000000100000000)
  region size 1024K, 6 young (6144K), 6 survivors (6144K)
 Metaspace       used 51758K, capacity 53355K, committed 53504K, reserved 1095680K
  class space    used 6630K, capacity 7138K, committed 7168K, reserved 1048576K
}
Event: 11.214 GC heap before
{Heap before GC invocations=15 (full 0):
 garbage-first heap   total 229376K, used 193435K [0x0000000080000000, 0x0000000100000000)
  region size 1024K, 128 young (131072K), 6 survivors (6144K)
 Metaspace       used 51759K, capacity 53355K, committed 53504K, reserved 1095680K
  class space    used 6630K, capacity 7138K, committed 7168K, reserved 1048576K
}
Event: 11.221 GC heap after
{Heap after GC invocations=16 (full 0):
 garbage-first heap   total 229376K, used 69362K [0x0000000080000000, 0x0000000100000000)
  region size 1024K, 7 young (7168K), 7 survivors (7168K)
 Metaspace       used 51759K, capacity 53355K, committed 53504K, reserved 1095680K
  class space    used 6630K, capacity 7138K, committed 7168K, reserved 1048576K
}
Event: 11.512 GC heap before
{Heap before GC invocations=16 (full 0):
 garbage-first heap   total 229376K, used 193266K [0x0000000080000000, 0x0000000100000000)
  region size 1024K, 128 young (131072K), 7 survivors (7168K)
 Metaspace       used 51759K, capacity 53355K, committed 53504K, reserved 1095680K
  class space    used 6630K, capacity 7138K, committed 7168K, reserved 1048576K
}
Event: 11.517 GC heap after
{Heap after GC invocations=17 (full 0):
 garbage-first heap   total 229376K, used 70157K [0x0000000080000000, 0x0000000100000000)
  region size 1024K, 8 young (8192K), 8 survivors (8192K)
 Metaspace       used 51759K, capacity 53355K, committed 53504K, reserved 1095680K
  class space    used 6630K, capacity 7138K, committed 7168K, reserved 1048576K
}
Event: 11.785 GC heap before
{Heap before GC invocations=17 (full 0):
 garbage-first heap   total 229376K, used 195085K [0x0000000080000000, 0x0000000100000000)
  region size 1024K, 130 young (133120K), 8 survivors (8192K)
 Metaspace       used 51802K, capacity 53355K, committed 53504K, reserved 1095680K
  class space    used 6638K, capacity 7138K, committed 7168K, reserved 1048576K
}
Event: 11.789 GC heap after
{Heap after GC invocations=18 (full 0):
 garbage-first heap   total 229376K, used 70632K [0x0000000080000000, 0x0000000100000000)
  region size 1024K, 8 young (8192K), 8 survivors (8192K)
 Metaspace       used 51802K, capacity 53355K, committed 53504K, reserved 1095680K
  class space    used 6638K, capacity 7138K, committed 7168K, reserved 1048576K
}
Event: 12.111 GC heap before
{Heap before GC invocations=18 (full 0):
 garbage-first heap   total 229376K, used 195560K [0x0000000080000000, 0x0000000100000000)
  region size 1024K, 130 young (133120K), 8 survivors (8192K)
 Metaspace       used 51812K, capacity 53355K, committed 53504K, reserved 1095680K
  class space    used 6638K, capacity 7138K, committed 7168K, reserved 1048576K
}
Event: 12.115 GC heap after
{Heap after GC invocations=19 (full 0):
 garbage-first heap   total 229376K, used 65512K [0x0000000080000000, 0x0000000100000000)
  region size 1024K, 5 young (5120K), 5 survivors (5120K)
 Metaspace       used 51812K, capacity 53355K, committed 53504K, reserved 1095680K
  class space    used 6638K, capacity 7138K, committed 7168K, reserved 1048576K
}
Event: 12.534 GC heap before
{Heap before GC invocations=19 (full 0):
 garbage-first heap   total 229376K, used 193512K [0x0000000080000000, 0x0000000100000000)
  region size 1024K, 131 young (134144K), 5 survivors (5120K)
 Metaspace       used 51814K, capacity 53355K, committed 53504K, reserved 1095680K
  class space    used 6638K, capacity 7138K, committed 7168K, reserved 1048576K
}
Event: 12.538 GC heap after
{Heap after GC invocations=20 (full 0):
 garbage-first heap   total 229376K, used 65885K [0x0000000080000000, 0x0000000100000000)
  region size 1024K, 6 young (6144K), 6 survivors (6144K)
 Metaspace       used 51814K, capacity 53355K, committed 53504K, reserved 1095680K
  class space    used 6638K, capacity 7138K, committed 7168K, reserved 1048576K
}

