# JRE version: OpenJDK Runtime Environment (11.0.12+7) (build 11.0.12+7-b1504.28-7817840)
# Java VM: OpenJDK 64-Bit Server VM (11.0.12+7-b1504.28-7817840, mixed mode, tiered, compressed oops, g1 gc, windows-amd64)
Heap:
 garbage-first heap   total 330752K, used 90307K [0x0000000080000000, 0x0000000100000000)
  region size 1024K, 12 young (12288K), 5 survivors (5120K)
 Metaspace       used 68901K, capacity 70846K, committed 71040K, reserved 1112064K
  class space    used 8482K, capacity 9111K, committed 9164K, reserved 1048576K
GC Heap History (20 events):
Event: 121.523 GC heap before
{Heap before GC invocations=51 (full 0):
 garbage-first heap   total 275456K, used 236213K [0x0000000080000000, 0x0000000100000000)
  region size 1024K, 156 young (159744K), 10 survivors (10240K)
 Metaspace       used 68871K, capacity 70780K, committed 71040K, reserved 1112064K
  class space    used 8482K, capacity 9111K, committed 9164K, reserved 1048576K
}
Event: 121.530 GC heap after
{Heap after GC invocations=52 (full 0):
 garbage-first heap   total 275456K, used 90092K [0x0000000080000000, 0x0000000100000000)
  region size 1024K, 12 young (12288K), 12 survivors (12288K)
 Metaspace       used 68871K, capacity 70780K, committed 71040K, reserved 1112064K
  class space    used 8482K, capacity 9111K, committed 9164K, reserved 1048576K
}
Event: 121.703 GC heap before
{Heap before GC invocations=52 (full 0):
 garbage-first heap   total 275456K, used 233452K [0x0000000080000000, 0x0000000100000000)
  region size 1024K, 153 young (156672K), 12 survivors (12288K)
 Metaspace       used 68871K, capacity 70780K, committed 71040K, reserved 1112064K
  class space    used 8482K, capacity 9111K, committed 9164K, reserved 1048576K
}
Event: 121.711 GC heap after
{Heap after GC invocations=53 (full 0):
 garbage-first heap   total 275456K, used 90934K [0x0000000080000000, 0x0000000100000000)
  region size 1024K, 12 young (12288K), 12 survivors (12288K)
 Metaspace       used 68871K, capacity 70780K, committed 71040K, reserved 1112064K
  class space    used 8482K, capacity 9111K, committed 9164K, reserved 1048576K
}
Event: 121.941 GC heap before
{Heap before GC invocations=53 (full 0):
 garbage-first heap   total 275456K, used 233270K [0x0000000080000000, 0x0000000100000000)
  region size 1024K, 153 young (156672K), 12 survivors (12288K)
 Metaspace       used 68873K, capacity 70781K, committed 71040K, reserved 1112064K
  class space    used 8482K, capacity 9111K, committed 9164K, reserved 1048576K
}
Event: 121.944 GC heap after
{Heap after GC invocations=54 (full 0):
 garbage-first heap   total 275456K, used 86871K [0x0000000080000000, 0x0000000100000000)
  region size 1024K, 8 young (8192K), 8 survivors (8192K)
 Metaspace       used 68873K, capacity 70781K, committed 71040K, reserved 1112064K
  class space    used 8482K, capacity 9111K, committed 9164K, reserved 1048576K
}
Event: 122.138 GC heap before
{Heap before GC invocations=54 (full 0):
 garbage-first heap   total 275456K, used 237399K [0x0000000080000000, 0x0000000100000000)
  region size 1024K, 156 young (159744K), 8 survivors (8192K)
 Metaspace       used 68874K, capacity 70781K, committed 71040K, reserved 1112064K
  class space    used 8482K, capacity 9111K, committed 9164K, reserved 1048576K
}
Event: 122.142 GC heap after
{Heap after GC invocations=55 (full 0):
 garbage-first heap   total 275456K, used 86494K [0x0000000080000000, 0x0000000100000000)
  region size 1024K, 8 young (8192K), 8 survivors (8192K)
 Metaspace       used 68874K, capacity 70781K, committed 71040K, reserved 1112064K
  class space    used 8482K, capacity 9111K, committed 9164K, reserved 1048576K
}
Event: 122.343 GC heap before
{Heap before GC invocations=55 (full 0):
 garbage-first heap   total 275456K, used 239070K [0x0000000080000000, 0x0000000100000000)
  region size 1024K, 156 young (159744K), 8 survivors (8192K)
 Metaspace       used 68889K, capacity 70782K, committed 71040K, reserved 1112064K
  class space    used 8482K, capacity 9111K, committed 9164K, reserved 1048576K
}
Event: 122.348 GC heap after
{Heap after GC invocations=56 (full 0):
 garbage-first heap   total 275456K, used 87294K [0x0000000080000000, 0x0000000100000000)
  region size 1024K, 8 young (8192K), 8 survivors (8192K)
 Metaspace       used 68889K, capacity 70782K, committed 71040K, reserved 1112064K
  class space    used 8482K, capacity 9111K, committed 9164K, reserved 1048576K
}
Event: 122.569 GC heap before
{Heap before GC invocations=56 (full 0):
 garbage-first heap   total 275456K, used 239870K [0x0000000080000000, 0x0000000100000000)
  region size 1024K, 156 young (159744K), 8 survivors (8192K)
 Metaspace       used 68892K, capacity 70782K, committed 71040K, reserved 1112064K
  class space    used 8482K, capacity 9111K, committed 9164K, reserved 1048576K
}
Event: 122.576 GC heap after
{Heap after GC invocations=57 (full 0):
 garbage-first heap   total 275456K, used 89015K [0x0000000080000000, 0x0000000100000000)
  region size 1024K, 8 young (8192K), 8 survivors (8192K)
 Metaspace       used 68892K, capacity 70782K, committed 71040K, reserved 1112064K
  class space    used 8482K, capacity 9111K, committed 9164K, reserved 1048576K
}
Event: 122.740 GC heap before
{Heap before GC invocations=57 (full 0):
 garbage-first heap   total 275456K, used 239543K [0x0000000080000000, 0x0000000100000000)
  region size 1024K, 155 young (158720K), 8 survivors (8192K)
 Metaspace       used 68892K, capacity 70782K, committed 71040K, reserved 1112064K
  class space    used 8482K, capacity 9111K, committed 9164K, reserved 1048576K
}
Event: 122.743 GC heap after
{Heap after GC invocations=58 (full 0):
 garbage-first heap   total 275456K, used 87000K [0x0000000080000000, 0x0000000100000000)
  region size 1024K, 7 young (7168K), 7 survivors (7168K)
 Metaspace       used 68892K, capacity 70782K, committed 71040K, reserved 1112064K
  class space    used 8482K, capacity 9111K, committed 9164K, reserved 1048576K
}
Event: 122.926 GC heap before
{Heap before GC invocations=58 (full 0):
 garbage-first heap   total 275456K, used 239576K [0x0000000080000000, 0x0000000100000000)
  region size 1024K, 156 young (159744K), 7 survivors (7168K)
 Metaspace       used 68895K, capacity 70846K, committed 71040K, reserved 1112064K
  class space    used 8482K, capacity 9111K, committed 9164K, reserved 1048576K
}
Event: 122.931 GC heap after
{Heap after GC invocations=59 (full 0):
 garbage-first heap   total 275456K, used 87264K [0x0000000080000000, 0x0000000100000000)
  region size 1024K, 7 young (7168K), 7 survivors (7168K)
 Metaspace       used 68895K, capacity 70846K, committed 71040K, reserved 1112064K
  class space    used 8482K, capacity 9111K, committed 9164K, reserved 1048576K
}
Event: 123.196 GC heap before
{Heap before GC invocations=59 (full 0):
 garbage-first heap   total 275456K, used 238816K [0x0000000080000000, 0x0000000100000000)
  region size 1024K, 157 young (160768K), 7 survivors (7168K)
 Metaspace       used 68895K, capacity 70846K, committed 71040K, reserved 1112064K
  class space    used 8482K, capacity 9111K, committed 9164K, reserved 1048576K
}
Event: 123.203 GC heap after
{Heap after GC invocations=60 (full 0):
 garbage-first heap   total 330752K, used 86856K [0x0000000080000000, 0x0000000100000000)
  region size 1024K, 7 young (7168K), 7 survivors (7168K)
 Metaspace       used 68895K, capacity 70846K, committed 71040K, reserved 1112064K
  class space    used 8482K, capacity 9111K, committed 9164K, reserved 1048576K
}
Event: 123.482 GC heap before
{Heap before GC invocations=60 (full 0):
 garbage-first heap   total 330752K, used 271176K [0x0000000080000000, 0x0000000100000000)
  region size 1024K, 188 young (192512K), 7 survivors (7168K)
 Metaspace       used 68899K, capacity 70846K, committed 71040K, reserved 1112064K
  class space    used 8482K, capacity 9111K, committed 9164K, reserved 1048576K
}
Event: 123.485 GC heap after
{Heap after GC invocations=61 (full 0):
 garbage-first heap   total 330752K, used 83618K [0x0000000080000000, 0x0000000100000000)
  region size 1024K, 4 young (4096K), 4 survivors (4096K)
 Metaspace       used 68899K, capacity 70846K, committed 71040K, reserved 1112064K
  class space    used 8482K, capacity 9111K, committed 9164K, reserved 1048576K
}

